
===============================================start evaluation================================================

Image source: "dog", text prompt: A dog shepherd posing proudly on a hilltop with Mount Fuji in the background.
CLIP Image Score: 79.48
CLIP Text Score: 35.78

=====================================================PASS======================================================

Image source: "dog", text prompt: A dog perched on a park bench with the Colosseum looming behind.
CLIP Image Score: 70.14
CLIP Text Score: 38.87

=========================================Fail! Baseline is 74.00/35.00=========================================

Image source: "David Revoy", text prompt: The streets of Paris in the style of David Revoy.
CLIP Image Score: 68.48
CLIP Text Score: 32.84

=========================================Fail! Baseline is 70.00/30.00=========================================

Image source: "David Revoy", text prompt: Manhattan skyline in the style of David Revoy.
CLIP Image Score: 65.61
CLIP Text Score: 30.91

=========================================Fail! Baseline is 70.00/30.00=========================================

You have passed 1/4 cases

===============================================start evaluation================================================

Image source: "dog", text prompt: A dog shepherd posing proudly on a hilltop with Mount Fuji in the background.
CLIP Image Score: 79.48
CLIP Text Score: 35.78

=====================================================PASS======================================================

Image source: "dog", text prompt: A dog perched on a park bench with the Colosseum looming behind.
CLIP Image Score: 70.14
CLIP Text Score: 38.87

=========================================Fail! Baseline is 74.00/35.00=========================================

Image source: "David Revoy", text prompt: The streets of Paris in the style of David Revoy.
CLIP Image Score: 68.48
CLIP Text Score: 32.84

=========================================Fail! Baseline is 70.00/30.00=========================================

Image source: "David Revoy", text prompt: Manhattan skyline in the style of David Revoy.
CLIP Image Score: 65.61
CLIP Text Score: 30.91

=========================================Fail! Baseline is 70.00/30.00=========================================

You have passed 1/4 cases
